<?xml version="1.0" encoding="UTF-8"?>
<testsuite xmlns:xsi="http://www.w3.org/2001/XMLSchema-instance" xsi:noNamespaceSchemaLocation="https://maven.apache.org/surefire/maven-surefire-plugin/xsd/surefire-test-report.xsd" name="pl.edu.pw.ee.AppTest" time="0.044" tests="1" errors="0" skipped="0" failures="0">
  <properties>
    <property name="java.specification.version" value="16"/>
    <property name="sun.cpu.isalist" value="amd64"/>
    <property name="sun.jnu.encoding" value="Cp1252"/>
    <property name="java.class.path" value="c:\PW\Algorytmy i struktury danych\2021Z_AISD_lab_git_aisd_2021_3_gr17\Lab_0_binary_search\aisd_lab_0_binary_search\target\test-classes;c:\PW\Algorytmy i struktury danych\2021Z_AISD_lab_git_aisd_2021_3_gr17\Lab_0_binary_search\aisd_lab_0_binary_search\target\classes;C:\Users\som40\.m2\repository\junit\junit\4.11\junit-4.11.jar;C:\Users\som40\.m2\repository\org\hamcrest\hamcrest-core\1.3\hamcrest-core-1.3.jar;"/>
    <property name="java.vm.vendor" value="Oracle Corporation"/>
    <property name="sun.arch.data.model" value="64"/>
    <property name="user.variant" value=""/>
    <property name="java.vendor.url" value="https://java.oracle.com/"/>
    <property name="user.timezone" value="Europe/Warsaw"/>
    <property name="os.name" value="Windows 10"/>
    <property name="java.vm.specification.version" value="16"/>
    <property name="sun.java.launcher" value="SUN_STANDARD"/>
    <property name="user.country" value="GB"/>
    <property name="sun.boot.library.path" value="C:\Users\som40\.jdks\openjdk-16.0.1\bin"/>
    <property name="sun.java.command" value="C:\Users\som40\AppData\Local\Temp\surefire803519907024958940\surefirebooter5423662684832886405.jar C:\Users\som40\AppData\Local\Temp\surefire803519907024958940 2021-10-08T00-03-31_931-jvmRun1 surefire17753805806692845203tmp surefire_05373981582001670673tmp"/>
    <property name="jdk.debug" value="release"/>
    <property name="surefire.test.class.path" value="c:\PW\Algorytmy i struktury danych\2021Z_AISD_lab_git_aisd_2021_3_gr17\Lab_0_binary_search\aisd_lab_0_binary_search\target\test-classes;c:\PW\Algorytmy i struktury danych\2021Z_AISD_lab_git_aisd_2021_3_gr17\Lab_0_binary_search\aisd_lab_0_binary_search\target\classes;C:\Users\som40\.m2\repository\junit\junit\4.11\junit-4.11.jar;C:\Users\som40\.m2\repository\org\hamcrest\hamcrest-core\1.3\hamcrest-core-1.3.jar;"/>
    <property name="sun.cpu.endian" value="little"/>
    <property name="user.home" value="C:\Users\som40"/>
    <property name="user.language" value="en"/>
    <property name="java.specification.vendor" value="Oracle Corporation"/>
    <property name="java.version.date" value="2021-04-20"/>
    <property name="java.home" value="C:\Users\som40\.jdks\openjdk-16.0.1"/>
    <property name="file.separator" value="\"/>
    <property name="basedir" value="c:\PW\Algorytmy i struktury danych\2021Z_AISD_lab_git_aisd_2021_3_gr17\Lab_0_binary_search\aisd_lab_0_binary_search"/>
    <property name="java.vm.compressedOopsMode" value="Zero based"/>
    <property name="line.separator" value="&#10;"/>
    <property name="java.vm.specification.vendor" value="Oracle Corporation"/>
    <property name="java.specification.name" value="Java Platform API Specification"/>
    <property name="surefire.real.class.path" value="C:\Users\som40\AppData\Local\Temp\surefire803519907024958940\surefirebooter5423662684832886405.jar"/>
    <property name="user.script" value=""/>
    <property name="sun.management.compiler" value="HotSpot 64-Bit Tiered Compilers"/>
    <property name="java.runtime.version" value="16.0.1+9-24"/>
    <property name="user.name" value="som40"/>
    <property name="path.separator" value=";"/>
    <property name="os.version" value="10.0"/>
    <property name="java.runtime.name" value="OpenJDK Runtime Environment"/>
    <property name="file.encoding" value="Cp1252"/>
    <property name="java.vm.name" value="OpenJDK 64-Bit Server VM"/>
    <property name="localRepository" value="C:\Users\som40\.m2\repository"/>
    <property name="java.vendor.url.bug" value="https://bugreport.java.com/bugreport/"/>
    <property name="java.io.tmpdir" value="C:\Users\som40\AppData\Local\Temp\"/>
    <property name="java.version" value="16.0.1"/>
    <property name="user.dir" value="c:\PW\Algorytmy i struktury danych\2021Z_AISD_lab_git_aisd_2021_3_gr17\Lab_0_binary_search\aisd_lab_0_binary_search"/>
    <property name="os.arch" value="amd64"/>
    <property name="java.vm.specification.name" value="Java Virtual Machine Specification"/>
    <property name="sun.os.patch.level" value=""/>
    <property name="java.library.path" value="C:\Users\som40\.jdks\openjdk-16.0.1\bin;C:\Windows\Sun\Java\bin;C:\Windows\system32;C:\Windows;C:\Program Files\Git\mingw64\bin;C:\Program Files\Git\usr\bin;C:\Users\som40\bin;C:\Program Files\Common Files\Oracle\Java\javapath;C:\Program Files\Python38\Scripts;C:\Program Files\Python38;C:\Program Files (x86)\Common Files\Oracle\Java\javapath;C:\Windows\system32;C:\Windows;C:\Windows\System32\Wbem;C:\Windows\System32\WindowsPowerShell\v1.0;C:\Windows\System32\OpenSSH;C:\Program Files (x86)\GtkSharp\2.12\bin;C:\Program Files\Microsoft SQL Server\130\Tools\Binn;C:\Program Files\Microsoft SQL Server\Client SDK\ODBC\170\Tools\Binn;C:\MinGW\bin;C:\Program Files\PuTTY;C:\Program Files\Git\cmd;C:\Program Files\dotnet;C:\Program Files\NVIDIA Corporation\NVIDIA NvDLISR;C:\Program Files (x86)\NVIDIA Corporation\PhysX\Common;C:\Program Files (x86)\Microsoft SQL Server\150\DTS\Binn;C:\Program Files\Azure Data Studio\bin;C:\Program Files (x86)\Microsoft SQL Server\150\Tools\Binn;C:\Program Files\Microsoft SQL Server\150\Tools\Binn;C:\Program Files\Microsoft SQL Server\150\DTS\Binn;C:\Program Files (x86)\dotnet;C:\Program Files\Docker\Docker\resources\bin;C:\ProgramData\DockerDesktop\version-bin;C:\Program Files (x86)\apache-maven-3.8.1\bin;D:\Flutter\flutter\bin;C:\ProgramData\chocolatey\bin;%JAVA_HOME%\bin;C:\Users\som40\AppData\Local\Programs\Python\Python39\Scripts;C:\Users\som40\AppData\Local\Programs\Python\Python39;C:\Users\som40\AppData\Local\Microsoft\WindowsApps;C:\Users\som40\AppData\Local\Programs\Microsoft VS Code\bin;C:\Users\som40\.dotnet\tools;D:\CLion\CLion 2020.3.2\bin;C:\Program Files\Azure Data Studio\bin;D:\IntelliSense 2021\IntelliJ IDEA 2020.3.3\bin;D:\Flutter\flutter\bin;C:\tools\dart-sdk\bin;C:\Users\som40\AppData\Roaming\Pub\Cache\bin;."/>
    <property name="java.vm.info" value="mixed mode, sharing"/>
    <property name="java.vendor" value="Oracle Corporation"/>
    <property name="java.vm.version" value="16.0.1+9-24"/>
    <property name="sun.io.unicode.encoding" value="UnicodeLittle"/>
    <property name="java.class.version" value="60.0"/>
  </properties>
  <testcase name="shouldAnswerWithTrue" classname="pl.edu.pw.ee.AppTest" time="0.001"/>
</testsuite>